<?xml version="1.0" encoding="UTF-8"?>
<testng-results ignored="0" total="1" passed="1" failed="0" skipped="0">
  <reporter-output>
  </reporter-output>
  <suite started-at="2025-01-22T21:46:53 IST" name="Default suite" finished-at="2025-01-22T21:47:33 IST" duration-ms="39961">
    <groups>
      <group name="cucumber">
        <method signature="AbstractTestNGCucumberTests.runScenario(io.cucumber.testng.PickleWrapper,io.cucumber.testng.FeatureWrapper)[pri:0, instance:runner.SequentialRunner@231f98ef]" name="runScenario" class="io.cucumber.testng.AbstractTestNGCucumberTests"/>
      </group> <!-- cucumber -->
    </groups>
    <test started-at="2025-01-22T21:46:53 IST" name="Default test" finished-at="2025-01-22T21:47:33 IST" duration-ms="39961">
      <class name="runner.SequentialRunner">
        <test-method is-config="true" signature="setUpClass(org.testng.ITestContext)[pri:0, instance:runner.SequentialRunner@231f98ef]" started-at="2025-01-22T21:46:53 IST" name="setUpClass" finished-at="2025-01-22T21:46:54 IST" duration-ms="664" status="PASS">
          <params>
            <param index="0">
              <value>
                <![CDATA[org.testng.TestRunner@47fcefb3]]>
              </value>
            </param>
          </params>
          <reporter-output>
          </reporter-output>
        </test-method> <!-- setUpClass -->
        <test-method signature="runScenario(io.cucumber.testng.PickleWrapper,io.cucumber.testng.FeatureWrapper)[pri:0, instance:runner.SequentialRunner@231f98ef]" started-at="2025-01-22T21:46:54 IST" name="runScenario" description="Runs Cucumber Scenarios" data-provider="scenarios" finished-at="2025-01-22T21:47:33 IST" duration-ms="38790" status="PASS">
          <params>
            <param index="0">
              <value>
                <![CDATA["Verify the total number of video feeds on the news and features page"]]>
              </value>
            </param>
            <param index="1">
              <value>
                <![CDATA["CP Home Page and DP1 Home"]]>
              </value>
            </param>
          </params>
          <reporter-output>
          </reporter-output>
        </test-method> <!-- runScenario -->
        <test-method is-config="true" signature="tearDownClass()[pri:0, instance:runner.SequentialRunner@231f98ef]" started-at="2025-01-22T21:47:33 IST" name="tearDownClass" finished-at="2025-01-22T21:47:33 IST" duration-ms="457" status="PASS">
          <reporter-output>
          </reporter-output>
        </test-method> <!-- tearDownClass -->
      </class> <!-- runner.SequentialRunner -->
    </test> <!-- Default test -->
  </suite> <!-- Default suite -->
</testng-results>
